<?xml version="1.0" encoding="UTF-8"?>
<!-- Generated by org.testng.reporters.JUnitReportReporter -->
<testsuite hostname="DESKTOP-37LK1CV" failures="0" tests="2" name="com.capstone.AadharCitizen" time="28.458" errors="0" timestamp="2022-10-20T20:05:11 IST" skipped="0">
  <testcase classname="com.capstone.AadharCitizen" name="ChromeBrowser" time="9.596"/>
  <system-out/>
  <testcase classname="com.capstone.AadharCitizen" name="CitizenCheck" time="18.862"/>
  <system-out/>
</testsuite> <!-- com.capstone.AadharCitizen -->
