<?xml version="1.0" encoding="UTF-8"?>
<!-- Generated by org.testng.reporters.JUnitReportReporter -->
<testsuite hostname="DESKTOP-37LK1CV" failures="0" tests="2" name="com.capstone.AadharRegister" time="25.902" errors="0" timestamp="2022-10-20T20:08:01 IST" skipped="0">
  <testcase classname="com.capstone.AadharRegister" name="TestHome" time="12.589"/>
  <system-out/>
  <testcase classname="com.capstone.AadharRegister" name="ChromeBrowser" time="13.313"/>
  <system-out/>
</testsuite> <!-- com.capstone.AadharRegister -->
