<?xml version="1.0" encoding="UTF-8"?>
<!-- Generated by org.testng.reporters.JUnitReportReporter -->
<testsuite hostname="DESKTOP-37LK1CV" failures="0" tests="2" name="com.capstone.AadharAdmin" time="64.924" errors="0" timestamp="2022-10-20T19:57:32 IST" skipped="0">
  <testcase classname="com.capstone.AadharAdmin" name="TestHome" time="29.726"/>
  <system-out/>
  <testcase classname="com.capstone.AadharAdmin" name="ChromeBrowser" time="35.198"/>
  <system-out/>
</testsuite> <!-- com.capstone.AadharAdmin -->
